> Ready on http://localhost:3000 [dev]
(node:30276) [DEP0169] DeprecationWarning: `url.parse()` behavior is not standardized and prone to errors that have security implications. Use the WHATWG URL API instead. CVEs are not issued for `url.parse()` vulnerabilities.
(Use `node --trace-deprecation ...` to show where the warning was created)
 GET / 200 in 309ms (next.js: 119ms, application-code: 190ms)
⚠ Blocked cross-origin request to Next.js dev resource /_next/webpack-hmr from "suspend-passable-thrift.ngrok-free.dev".
Cross-origin access to Next.js dev resources is blocked by default for safety.

To allow this host in development, add it to "allowedDevOrigins" in next.config.js and restart the dev server:

// next.config.js
module.exports = {
  allowedDevOrigins: ['suspend-passable-thrift.ngrok-free.dev'],
}

Read more: https://nextjs.org/docs/app/api-reference/config/next-config-js/allowedDevOrigins
 GET / 200 in 65ms (next.js: 6ms, application-code: 59ms)
prisma:query SELECT `main`.`users`.`id`, `main`.`users`.`name`, `main`.`users`.`email`, `main`.`users`.`role`, `main`.`users`.`image`, `main`.`users`.`phone`, `main`.`users`.`isActive`, `main`.`users`.`canPost`, `main`.`users`.`banStatus`, `main`.`users`.`banUntil`, `main`.`users`.`dealerName`, `main`.`users`.`dealerLogo` FROM `main`.`users` WHERE (`main`.`users`.`id` = ? AND 1=1) LIMIT ? OFFSET ?
prisma:query SELECT `main`.`users`.`id`, `main`.`users`.`name`, `main`.`users`.`email`, `main`.`users`.`role`, `main`.`users`.`image`, `main`.`users`.`phone`, `main`.`users`.`isActive`, `main`.`users`.`canPost`, `main`.`users`.`banStatus`, `main`.`users`.`banUntil`, `main`.`users`.`dealerName`, `main`.`users`.`dealerLogo` FROM `main`.`users` WHERE (`main`.`users`.`id` = ? AND 1=1) LIMIT ? OFFSET ?
prisma:query SELECT `main`.`brands`.`id`, `main`.`brands`.`nameAr`, `main`.`brands`.`nameEn`, `main`.`brands`.`slug`, `main`.`brands`.`logo`, `main`.`brands`.`country`, `main`.`brands`.`isActive`, `main`.`brands`.`createdAt`, COALESCE(`aggr_selection_0_Car`.`_aggr_count_cars`, 0) AS `_aggr_count_cars` FROM `main`.`brands` LEFT JOIN (SELECT `main`.`cars`.`brandId`, COUNT(*) AS `_aggr_count_cars` FROM `main`.`cars` WHERE 1=1 GROUP BY `main`.`cars`.`brandId`) AS `aggr_selection_0_Car` ON (`main`.`brands`.`id` = `aggr_selection_0_Car`.`brandId`) WHERE `main`.`brands`.`isActive` = ? ORDER BY `main`.`brands`.`nameAr` ASC LIMIT ? OFFSET ?
 GET /api/cars/brands 200 in 187ms (next.js: 147ms, application-code: 40ms)
prisma:query SELECT `main`.`cities`.`id`, `main`.`cities`.`nameAr`, `main`.`cities`.`nameEn`, `main`.`cities`.`slug`, `main`.`cities`.`isActive`, `main`.`cities`.`createdAt`, COALESCE(`aggr_selection_0_Car`.`_aggr_count_cars`, 0) AS `_aggr_count_cars` FROM `main`.`cities` LEFT JOIN (SELECT `main`.`cars`.`cityId`, COUNT(*) AS `_aggr_count_cars` FROM `main`.`cars` WHERE 1=1 GROUP BY `main`.`cars`.`cityId`) AS `aggr_selection_0_Car` ON (`main`.`cities`.`id` = `aggr_selection_0_Car`.`cityId`) WHERE `main`.`cities`.`isActive` = ? ORDER BY `main`.`cities`.`nameAr` ASC LIMIT ? OFFSET ?
prisma:query SELECT `main`.`favorites`.`id`, `main`.`favorites`.`carId` FROM `main`.`favorites` WHERE `main`.`favorites`.`userId` = ? LIMIT ? OFFSET ?
prisma:query SELECT `main`.`favorites`.`id`, `main`.`favorites`.`carId` FROM `main`.`favorites` WHERE `main`.`favorites`.`userId` = ? LIMIT ? OFFSET ?
 GET /api/cars/cities 200 in 64ms (next.js: 51ms, application-code: 13ms)
prisma:query SELECT COUNT(*) FROM (SELECT `main`.`cars`.`id` FROM `main`.`cars` WHERE (`main`.`cars`.`status` = ? AND `main`.`cars`.`deletedAt` IS NULL AND `main`.`cars`.`featured` = ?) LIMIT ? OFFSET ?) AS `sub`
prisma:query SELECT `main`.`cars`.`id`, `main`.`cars`.`slug`, `main`.`cars`.`status`, `main`.`cars`.`featured`, `main`.`cars`.`featuredUntil`, `main`.`cars`.`isNew`, `main`.`cars`.`views`, `main`.`cars`.`saves`, `main`.`cars`.`brandId`, `main`.`cars`.`modelId`, `main`.`cars`.`year`, `main`.`cars`.`trim`, `main`.`cars`.`kilometers`, `main`.`cars`.`fuelType`, `main`.`cars`.`transmission`, `main`.`cars`.`color`, `main`.`cars`.`doors`, `main`.`cars`.`engineCapacity`, `main`.`cars`.`cylinders`, `main`.`cars`.`drivetrain`, `main`.`cars`.`condition`, `main`.`cars`.`bodyType`, `main`.`cars`.`lightingType`, `main`.`cars`.`rimType`, `main`.`cars`.`vin`, `main`.`cars`.`description`, `main`.`cars`.`aiDescription`, `main`.`cars`.`price`, `main`.`cars`.`currency`, `main`.`cars`.`cityId`, `main`.`cars`.`locationLat`, `main`.`cars`.`locationLng`, `main`.`cars`.`phone`, `main`.`cars`.`whatsapp`, `main`.`cars`.`coverImage`, `main`.`cars`.`videoUrl`, `main`.`cars`.`isNegotiable`, `main`.`cars`.`hasWarranty`, `main`.`cars`.`hasServiceHistory`, `main`.`cars`.`isDamaged`, `main`.`cars`.`isPaintOriginal`, `main`.`cars`.`ownerCount`, `main`.`cars`.`platesNumber`, `main`.`cars`.`aiScore`, `main`.`cars`.`aiAnalysis`, `main`.`cars`.`model3dUrl`, `main`.`cars`.`model3dStatus`, `main`.`cars`.`video360Url`, `main`.`cars`.`video360Status`, `main`.`cars`.`aiConditionReport`, `main`.`cars`.`refCode`, `main`.`cars`.`createdAt`, `main`.`cars`.`updatedAt`, `main`.`cars`.`expiresAt`, `main`.`cars`.`soldAt`, `main`.`cars`.`deletedAt`, `main`.`cars`.`deletedBy`, `main`.`cars`.`userId` FROM `main`.`cars` WHERE (`main`.`cars`.`status` = ? AND `main`.`cars`.`deletedAt` IS NULL AND `main`.`cars`.`featured` = ?) ORDER BY `main`.`cars`.`featured` DESC, `main`.`cars`.`createdAt` DESC LIMIT ? OFFSET ?
prisma:query SELECT COUNT(*) FROM (SELECT `main`.`cars`.`id` FROM `main`.`cars` WHERE (`main`.`cars`.`status` = ? AND `main`.`cars`.`deletedAt` IS NULL) LIMIT ? OFFSET ?) AS `sub`
prisma:query SELECT `main`.`brands`.`id`, `main`.`brands`.`nameAr`, `main`.`brands`.`nameEn`, `main`.`brands`.`slug`, `main`.`brands`.`logo` FROM `main`.`brands` WHERE `main`.`brands`.`id` IN (?) LIMIT ? OFFSET ?
prisma:query SELECT `main`.`car_models`.`id`, `main`.`car_models`.`nameAr`, `main`.`car_models`.`nameEn`, `main`.`car_models`.`slug` FROM `main`.`car_models` WHERE `main`.`car_models`.`id` IN (?) LIMIT ? OFFSET ?
prisma:query SELECT `main`.`cities`.`id`, `main`.`cities`.`nameAr`, `main`.`cities`.`nameEn`, `main`.`cities`.`slug` FROM `main`.`cities` WHERE `main`.`cities`.`id` IN (?) LIMIT ? OFFSET ?
prisma:query SELECT `main`.`cars`.`id`, `main`.`cars`.`slug`, `main`.`cars`.`status`, `main`.`cars`.`featured`, `main`.`cars`.`featuredUntil`, `main`.`cars`.`isNew`, `main`.`cars`.`views`, `main`.`cars`.`saves`, `main`.`cars`.`brandId`, `main`.`cars`.`modelId`, `main`.`cars`.`year`, `main`.`cars`.`trim`, `main`.`cars`.`kilometers`, `main`.`cars`.`fuelType`, `main`.`cars`.`transmission`, `main`.`cars`.`color`, `main`.`cars`.`doors`, `main`.`cars`.`engineCapacity`, `main`.`cars`.`cylinders`, `main`.`cars`.`drivetrain`, `main`.`cars`.`condition`, `main`.`cars`.`bodyType`, `main`.`cars`.`lightingType`, `main`.`cars`.`rimType`, `main`.`cars`.`vin`, `main`.`cars`.`description`, `main`.`cars`.`aiDescription`, `main`.`cars`.`price`, `main`.`cars`.`currency`, `main`.`cars`.`cityId`, `main`.`cars`.`locationLat`, `main`.`cars`.`locationLng`, `main`.`cars`.`phone`, `main`.`cars`.`whatsapp`, `main`.`cars`.`coverImage`, `main`.`cars`.`videoUrl`, `main`.`cars`.`isNegotiable`, `main`.`cars`.`hasWarranty`, `main`.`cars`.`hasServiceHistory`, `main`.`cars`.`isDamaged`, `main`.`cars`.`isPaintOriginal`, `main`.`cars`.`ownerCount`, `main`.`cars`.`platesNumber`, `main`.`cars`.`aiScore`, `main`.`cars`.`aiAnalysis`, `main`.`cars`.`model3dUrl`, `main`.`cars`.`model3dStatus`, `main`.`cars`.`video360Url`, `main`.`cars`.`video360Status`, `main`.`cars`.`aiConditionReport`, `main`.`cars`.`refCode`, `main`.`cars`.`createdAt`, `main`.`cars`.`updatedAt`, `main`.`cars`.`expiresAt`, `main`.`cars`.`soldAt`, `main`.`cars`.`deletedAt`, `main`.`cars`.`deletedBy`, `main`.`cars`.`userId` FROM `main`.`cars` WHERE (`main`.`cars`.`status` = ? AND `main`.`cars`.`deletedAt` IS NULL) ORDER BY `main`.`cars`.`featured` DESC, `main`.`cars`.`createdAt` DESC LIMIT ? OFFSET ?
prisma:query SELECT `main`.`car_images`.`id`, `main`.`car_images`.`url`, `main`.`car_images`.`thumbnail`, `main`.`car_images`.`isCover`, `main`.`car_images`.`order`, `main`.`car_images`.`carId` FROM `main`.`car_images` WHERE `main`.`car_images`.`carId` IN (?) ORDER BY `main`.`car_images`.`order` ASC LIMIT ? OFFSET ?
prisma:query SELECT `main`.`users`.`id`, `main`.`users`.`name`, `main`.`users`.`dealerName`, `main`.`users`.`dealerLogo`, `main`.`users`.`rating`, `main`.`users`.`badges` FROM `main`.`users` WHERE `main`.`users`.`id` IN (?) LIMIT ? OFFSET ?
prisma:query SELECT `main`.`brands`.`id`, `main`.`brands`.`nameAr`, `main`.`brands`.`nameEn`, `main`.`brands`.`slug`, `main`.`brands`.`logo` FROM `main`.`brands` WHERE `main`.`brands`.`id` IN (?,?) LIMIT ? OFFSET ?
 GET /api/cars?featured=true&limit=6 200 in 197ms (next.js: 95ms, application-code: 102ms)
prisma:query SELECT `main`.`car_models`.`id`, `main`.`car_models`.`nameAr`, `main`.`car_models`.`nameEn`, `main`.`car_models`.`slug` FROM `main`.`car_models` WHERE `main`.`car_models`.`id` IN (?,?,?) LIMIT ? OFFSET ?
prisma:query SELECT `main`.`cities`.`id`, `main`.`cities`.`nameAr`, `main`.`cities`.`nameEn`, `main`.`cities`.`slug` FROM `main`.`cities` WHERE `main`.`cities`.`id` IN (?,?) LIMIT ? OFFSET ?
prisma:query SELECT `main`.`car_images`.`id`, `main`.`car_images`.`url`, `main`.`car_images`.`thumbnail`, `main`.`car_images`.`isCover`, `main`.`car_images`.`order`, `main`.`car_images`.`carId` FROM `main`.`car_images` WHERE `main`.`car_images`.`carId` IN (?,?,?) ORDER BY `main`.`car_images`.`order` ASC LIMIT ? OFFSET ?
prisma:query SELECT `main`.`users`.`id`, `main`.`users`.`name`, `main`.`users`.`dealerName`, `main`.`users`.`dealerLogo`, `main`.`users`.`rating`, `main`.`users`.`badges` FROM `main`.`users` WHERE `main`.`users`.`id` IN (?,?,?) LIMIT ? OFFSET ?
 GET /api/cars?sortBy=createdAt&sortOrder=desc&limit=9 200 in 198ms (next.js: 119ms, application-code: 80ms)
prisma:query SELECT `main`.`badges`.`id`, `main`.`badges`.`nameAr`, `main`.`badges`.`nameEn`, `main`.`badges`.`icon`, `main`.`badges`.`color`, `main`.`badges`.`isActive`, `main`.`badges`.`createdAt`, `main`.`badges`.`updatedAt` FROM `main`.`badges` WHERE `main`.`badges`.`isActive` = ? ORDER BY `main`.`badges`.`createdAt` DESC LIMIT ? OFFSET ?
 GET /api/badges 200 in 28ms (next.js: 20ms, application-code: 7ms)
 GET / 200 in 74ms (next.js: 6ms, application-code: 68ms)
 GET / 200 in 61ms (next.js: 5ms, application-code: 57ms)
 GET / 200 in 61ms (next.js: 5ms, application-code: 56ms)
 GET / 200 in 76ms (next.js: 4ms, application-code: 72ms)
prisma:query SELECT 1
prisma:query SELECT 1
prisma:query SELECT COUNT(*) FROM (SELECT `main`.`cars`.`id` FROM `main`.`cars` WHERE (`main`.`cars`.`status` = ? AND `main`.`cars`.`deletedAt` IS NULL AND `main`.`cars`.`featured` = ?) LIMIT ? OFFSET ?) AS `sub`
prisma:query SELECT `main`.`cars`.`id`, `main`.`cars`.`slug`, `main`.`cars`.`status`, `main`.`cars`.`featured`, `main`.`cars`.`featuredUntil`, `main`.`cars`.`isNew`, `main`.`cars`.`views`, `main`.`cars`.`saves`, `main`.`cars`.`brandId`, `main`.`cars`.`modelId`, `main`.`cars`.`year`, `main`.`cars`.`trim`, `main`.`cars`.`kilometers`, `main`.`cars`.`fuelType`, `main`.`cars`.`transmission`, `main`.`cars`.`color`, `main`.`cars`.`doors`, `main`.`cars`.`engineCapacity`, `main`.`cars`.`cylinders`, `main`.`cars`.`drivetrain`, `main`.`cars`.`condition`, `main`.`cars`.`bodyType`, `main`.`cars`.`lightingType`, `main`.`cars`.`rimType`, `main`.`cars`.`vin`, `main`.`cars`.`description`, `main`.`cars`.`aiDescription`, `main`.`cars`.`price`, `main`.`cars`.`currency`, `main`.`cars`.`cityId`, `main`.`cars`.`locationLat`, `main`.`cars`.`locationLng`, `main`.`cars`.`phone`, `main`.`cars`.`whatsapp`, `main`.`cars`.`coverImage`, `main`.`cars`.`videoUrl`, `main`.`cars`.`isNegotiable`, `main`.`cars`.`hasWarranty`, `main`.`cars`.`hasServiceHistory`, `main`.`cars`.`isDamaged`, `main`.`cars`.`isPaintOriginal`, `main`.`cars`.`ownerCount`, `main`.`cars`.`platesNumber`, `main`.`cars`.`aiScore`, `main`.`cars`.`aiAnalysis`, `main`.`cars`.`model3dUrl`, `main`.`cars`.`model3dStatus`, `main`.`cars`.`video360Url`, `main`.`cars`.`video360Status`, `main`.`cars`.`aiConditionReport`, `main`.`cars`.`refCode`, `main`.`cars`.`createdAt`, `main`.`cars`.`updatedAt`, `main`.`cars`.`expiresAt`, `main`.`cars`.`soldAt`, `main`.`cars`.`deletedAt`, `main`.`cars`.`deletedBy`, `main`.`cars`.`userId` FROM `main`.`cars` WHERE (`main`.`cars`.`status` = ? AND `main`.`cars`.`deletedAt` IS NULL AND `main`.`cars`.`featured` = ?) ORDER BY `main`.`cars`.`featured` DESC, `main`.`cars`.`createdAt` DESC LIMIT ? OFFSET ?
prisma:query SELECT `main`.`brands`.`id`, `main`.`brands`.`nameAr`, `main`.`brands`.`nameEn`, `main`.`brands`.`slug`, `main`.`brands`.`logo` FROM `main`.`brands` WHERE `main`.`brands`.`id` IN (?) LIMIT ? OFFSET ?
prisma:query SELECT `main`.`car_models`.`id`, `main`.`car_models`.`nameAr`, `main`.`car_models`.`nameEn`, `main`.`car_models`.`slug` FROM `main`.`car_models` WHERE `main`.`car_models`.`id` IN (?) LIMIT ? OFFSET ?
prisma:query SELECT `main`.`cities`.`id`, `main`.`cities`.`nameAr`, `main`.`cities`.`nameEn`, `main`.`cities`.`slug` FROM `main`.`cities` WHERE `main`.`cities`.`id` IN (?) LIMIT ? OFFSET ?
prisma:query SELECT `main`.`car_images`.`id`, `main`.`car_images`.`url`, `main`.`car_images`.`thumbnail`, `main`.`car_images`.`isCover`, `main`.`car_images`.`order`, `main`.`car_images`.`carId` FROM `main`.`car_images` WHERE `main`.`car_images`.`carId` IN (?) ORDER BY `main`.`car_images`.`order` ASC LIMIT ? OFFSET ?
prisma:query SELECT `main`.`users`.`id`, `main`.`users`.`name`, `main`.`users`.`dealerName`, `main`.`users`.`dealerLogo`, `main`.`users`.`rating`, `main`.`users`.`badges` FROM `main`.`users` WHERE `main`.`users`.`id` IN (?) LIMIT ? OFFSET ?
 GET /api/cars?featured=true&limit=6 200 in 29ms (next.js: 4ms, application-code: 25ms)
prisma:query SELECT COUNT(*) FROM (SELECT `main`.`cars`.`id` FROM `main`.`cars` WHERE (`main`.`cars`.`status` = ? AND `main`.`cars`.`deletedAt` IS NULL) LIMIT ? OFFSET ?) AS `sub`
prisma:query SELECT `main`.`cars`.`id`, `main`.`cars`.`slug`, `main`.`cars`.`status`, `main`.`cars`.`featured`, `main`.`cars`.`featuredUntil`, `main`.`cars`.`isNew`, `main`.`cars`.`views`, `main`.`cars`.`saves`, `main`.`cars`.`brandId`, `main`.`cars`.`modelId`, `main`.`cars`.`year`, `main`.`cars`.`trim`, `main`.`cars`.`kilometers`, `main`.`cars`.`fuelType`, `main`.`cars`.`transmission`, `main`.`cars`.`color`, `main`.`cars`.`doors`, `main`.`cars`.`engineCapacity`, `main`.`cars`.`cylinders`, `main`.`cars`.`drivetrain`, `main`.`cars`.`condition`, `main`.`cars`.`bodyType`, `main`.`cars`.`lightingType`, `main`.`cars`.`rimType`, `main`.`cars`.`vin`, `main`.`cars`.`description`, `main`.`cars`.`aiDescription`, `main`.`cars`.`price`, `main`.`cars`.`currency`, `main`.`cars`.`cityId`, `main`.`cars`.`locationLat`, `main`.`cars`.`locationLng`, `main`.`cars`.`phone`, `main`.`cars`.`whatsapp`, `main`.`cars`.`coverImage`, `main`.`cars`.`videoUrl`, `main`.`cars`.`isNegotiable`, `main`.`cars`.`hasWarranty`, `main`.`cars`.`hasServiceHistory`, `main`.`cars`.`isDamaged`, `main`.`cars`.`isPaintOriginal`, `main`.`cars`.`ownerCount`, `main`.`cars`.`platesNumber`, `main`.`cars`.`aiScore`, `main`.`cars`.`aiAnalysis`, `main`.`cars`.`model3dUrl`, `main`.`cars`.`model3dStatus`, `main`.`cars`.`video360Url`, `main`.`cars`.`video360Status`, `main`.`cars`.`aiConditionReport`, `main`.`cars`.`refCode`, `main`.`cars`.`createdAt`, `main`.`cars`.`updatedAt`, `main`.`cars`.`expiresAt`, `main`.`cars`.`soldAt`, `main`.`cars`.`deletedAt`, `main`.`cars`.`deletedBy`, `main`.`cars`.`userId` FROM `main`.`cars` WHERE (`main`.`cars`.`status` = ? AND `main`.`cars`.`deletedAt` IS NULL) ORDER BY `main`.`cars`.`featured` DESC, `main`.`cars`.`createdAt` DESC LIMIT ? OFFSET ?
prisma:query SELECT `main`.`brands`.`id`, `main`.`brands`.`nameAr`, `main`.`brands`.`nameEn`, `main`.`brands`.`slug`, `main`.`brands`.`logo` FROM `main`.`brands` WHERE `main`.`brands`.`id` IN (?,?) LIMIT ? OFFSET ?
prisma:query SELECT `main`.`car_models`.`id`, `main`.`car_models`.`nameAr`, `main`.`car_models`.`nameEn`, `main`.`car_models`.`slug` FROM `main`.`car_models` WHERE `main`.`car_models`.`id` IN (?,?,?) LIMIT ? OFFSET ?
prisma:query SELECT `main`.`cities`.`id`, `main`.`cities`.`nameAr`, `main`.`cities`.`nameEn`, `main`.`cities`.`slug` FROM `main`.`cities` WHERE `main`.`cities`.`id` IN (?,?) LIMIT ? OFFSET ?
prisma:query SELECT `main`.`car_images`.`id`, `main`.`car_images`.`url`, `main`.`car_images`.`thumbnail`, `main`.`car_images`.`isCover`, `main`.`car_images`.`order`, `main`.`car_images`.`carId` FROM `main`.`car_images` WHERE `main`.`car_images`.`carId` IN (?,?,?) ORDER BY `main`.`car_images`.`order` ASC LIMIT ? OFFSET ?
prisma:query SELECT `main`.`users`.`id`, `main`.`users`.`name`, `main`.`users`.`dealerName`, `main`.`users`.`dealerLogo`, `main`.`users`.`rating`, `main`.`users`.`badges` FROM `main`.`users` WHERE `main`.`users`.`id` IN (?,?,?) LIMIT ? OFFSET ?
prisma:query SELECT `main`.`brands`.`id`, `main`.`brands`.`nameAr`, `main`.`brands`.`nameEn`, `main`.`brands`.`slug`, `main`.`brands`.`logo`, `main`.`brands`.`country`, `main`.`brands`.`isActive`, `main`.`brands`.`createdAt`, COALESCE(`aggr_selection_0_Car`.`_aggr_count_cars`, 0) AS `_aggr_count_cars` FROM `main`.`brands` LEFT JOIN (SELECT `main`.`cars`.`brandId`, COUNT(*) AS `_aggr_count_cars` FROM `main`.`cars` WHERE 1=1 GROUP BY `main`.`cars`.`brandId`) AS `aggr_selection_0_Car` ON (`main`.`brands`.`id` = `aggr_selection_0_Car`.`brandId`) WHERE `main`.`brands`.`isActive` = ? ORDER BY `main`.`brands`.`nameAr` ASC LIMIT ? OFFSET ?
 GET /api/cars?sortBy=createdAt&sortOrder=desc&limit=9 200 in 31ms (next.js: 13ms, application-code: 19ms)
 GET /api/cars/brands 200 in 32ms (next.js: 10ms, application-code: 22ms)
prisma:query SELECT `main`.`cities`.`id`, `main`.`cities`.`nameAr`, `main`.`cities`.`nameEn`, `main`.`cities`.`slug`, `main`.`cities`.`isActive`, `main`.`cities`.`createdAt`, COALESCE(`aggr_selection_0_Car`.`_aggr_count_cars`, 0) AS `_aggr_count_cars` FROM `main`.`cities` LEFT JOIN (SELECT `main`.`cars`.`cityId`, COUNT(*) AS `_aggr_count_cars` FROM `main`.`cars` WHERE 1=1 GROUP BY `main`.`cars`.`cityId`) AS `aggr_selection_0_Car` ON (`main`.`cities`.`id` = `aggr_selection_0_Car`.`cityId`) WHERE `main`.`cities`.`isActive` = ? ORDER BY `main`.`cities`.`nameAr` ASC LIMIT ? OFFSET ?
 GET /api/cars/cities 200 in 18ms (next.js: 8ms, application-code: 10ms)
prisma:query SELECT `main`.`badges`.`id`, `main`.`badges`.`nameAr`, `main`.`badges`.`nameEn`, `main`.`badges`.`icon`, `main`.`badges`.`color`, `main`.`badges`.`isActive`, `main`.`badges`.`createdAt`, `main`.`badges`.`updatedAt` FROM `main`.`badges` WHERE `main`.`badges`.`isActive` = ? ORDER BY `main`.`badges`.`createdAt` DESC LIMIT ? OFFSET ?
 GET /api/badges 200 in 14ms (next.js: 4ms, application-code: 10ms)
 GET / 200 in 67ms (next.js: 4ms, application-code: 64ms)
 GET / 200 in 71ms (next.js: 4ms, application-code: 67ms)
 GET /admin 200 in 436ms (next.js: 387ms, application-code: 50ms)
 GET /admin 200 in 44ms (next.js: 4ms, application-code: 40ms)
prisma:query SELECT 1
prisma:query SELECT 1
prisma:query SELECT COUNT(*) FROM (SELECT `main`.`cars`.`id` FROM `main`.`cars` WHERE (`main`.`cars`.`status` = ? AND `main`.`cars`.`deletedAt` IS NULL AND `main`.`cars`.`featured` = ?) LIMIT ? OFFSET ?) AS `sub`
prisma:query SELECT `main`.`cars`.`id`, `main`.`cars`.`slug`, `main`.`cars`.`status`, `main`.`cars`.`featured`, `main`.`cars`.`featuredUntil`, `main`.`cars`.`isNew`, `main`.`cars`.`views`, `main`.`cars`.`saves`, `main`.`cars`.`brandId`, `main`.`cars`.`modelId`, `main`.`cars`.`year`, `main`.`cars`.`trim`, `main`.`cars`.`kilometers`, `main`.`cars`.`fuelType`, `main`.`cars`.`transmission`, `main`.`cars`.`color`, `main`.`cars`.`doors`, `main`.`cars`.`engineCapacity`, `main`.`cars`.`cylinders`, `main`.`cars`.`drivetrain`, `main`.`cars`.`condition`, `main`.`cars`.`bodyType`, `main`.`cars`.`lightingType`, `main`.`cars`.`rimType`, `main`.`cars`.`vin`, `main`.`cars`.`description`, `main`.`cars`.`aiDescription`, `main`.`cars`.`price`, `main`.`cars`.`currency`, `main`.`cars`.`cityId`, `main`.`cars`.`locationLat`, `main`.`cars`.`locationLng`, `main`.`cars`.`phone`, `main`.`cars`.`whatsapp`, `main`.`cars`.`coverImage`, `main`.`cars`.`videoUrl`, `main`.`cars`.`isNegotiable`, `main`.`cars`.`hasWarranty`, `main`.`cars`.`hasServiceHistory`, `main`.`cars`.`isDamaged`, `main`.`cars`.`isPaintOriginal`, `main`.`cars`.`ownerCount`, `main`.`cars`.`platesNumber`, `main`.`cars`.`aiScore`, `main`.`cars`.`aiAnalysis`, `main`.`cars`.`model3dUrl`, `main`.`cars`.`model3dStatus`, `main`.`cars`.`video360Url`, `main`.`cars`.`video360Status`, `main`.`cars`.`aiConditionReport`, `main`.`cars`.`refCode`, `main`.`cars`.`createdAt`, `main`.`cars`.`updatedAt`, `main`.`cars`.`expiresAt`, `main`.`cars`.`soldAt`, `main`.`cars`.`deletedAt`, `main`.`cars`.`deletedBy`, `main`.`cars`.`userId` FROM `main`.`cars` WHERE (`main`.`cars`.`status` = ? AND `main`.`cars`.`deletedAt` IS NULL AND `main`.`cars`.`featured` = ?) ORDER BY `main`.`cars`.`featured` DESC, `main`.`cars`.`createdAt` DESC LIMIT ? OFFSET ?
prisma:query SELECT `main`.`brands`.`id`, `main`.`brands`.`nameAr`, `main`.`brands`.`nameEn`, `main`.`brands`.`slug`, `main`.`brands`.`logo` FROM `main`.`brands` WHERE `main`.`brands`.`id` IN (?) LIMIT ? OFFSET ?
prisma:query SELECT `main`.`car_models`.`id`, `main`.`car_models`.`nameAr`, `main`.`car_models`.`nameEn`, `main`.`car_models`.`slug` FROM `main`.`car_models` WHERE `main`.`car_models`.`id` IN (?) LIMIT ? OFFSET ?
prisma:query SELECT `main`.`cities`.`id`, `main`.`cities`.`nameAr`, `main`.`cities`.`nameEn`, `main`.`cities`.`slug` FROM `main`.`cities` WHERE `main`.`cities`.`id` IN (?) LIMIT ? OFFSET ?
prisma:query SELECT `main`.`car_images`.`id`, `main`.`car_images`.`url`, `main`.`car_images`.`thumbnail`, `main`.`car_images`.`isCover`, `main`.`car_images`.`order`, `main`.`car_images`.`carId` FROM `main`.`car_images` WHERE `main`.`car_images`.`carId` IN (?) ORDER BY `main`.`car_images`.`order` ASC LIMIT ? OFFSET ?
prisma:query SELECT `main`.`users`.`id`, `main`.`users`.`name`, `main`.`users`.`dealerName`, `main`.`users`.`dealerLogo`, `main`.`users`.`rating`, `main`.`users`.`badges` FROM `main`.`users` WHERE `main`.`users`.`id` IN (?) LIMIT ? OFFSET ?
 GET /api/cars?featured=true&limit=6 200 in 11ms (next.js: 3ms, application-code: 8ms)
prisma:query SELECT COUNT(*) FROM (SELECT `main`.`cars`.`id` FROM `main`.`cars` WHERE (`main`.`cars`.`status` = ? AND `main`.`cars`.`deletedAt` IS NULL) LIMIT ? OFFSET ?) AS `sub`
prisma:query SELECT `main`.`cars`.`id`, `main`.`cars`.`slug`, `main`.`cars`.`status`, `main`.`cars`.`featured`, `main`.`cars`.`featuredUntil`, `main`.`cars`.`isNew`, `main`.`cars`.`views`, `main`.`cars`.`saves`, `main`.`cars`.`brandId`, `main`.`cars`.`modelId`, `main`.`cars`.`year`, `main`.`cars`.`trim`, `main`.`cars`.`kilometers`, `main`.`cars`.`fuelType`, `main`.`cars`.`transmission`, `main`.`cars`.`color`, `main`.`cars`.`doors`, `main`.`cars`.`engineCapacity`, `main`.`cars`.`cylinders`, `main`.`cars`.`drivetrain`, `main`.`cars`.`condition`, `main`.`cars`.`bodyType`, `main`.`cars`.`lightingType`, `main`.`cars`.`rimType`, `main`.`cars`.`vin`, `main`.`cars`.`description`, `main`.`cars`.`aiDescription`, `main`.`cars`.`price`, `main`.`cars`.`currency`, `main`.`cars`.`cityId`, `main`.`cars`.`locationLat`, `main`.`cars`.`locationLng`, `main`.`cars`.`phone`, `main`.`cars`.`whatsapp`, `main`.`cars`.`coverImage`, `main`.`cars`.`videoUrl`, `main`.`cars`.`isNegotiable`, `main`.`cars`.`hasWarranty`, `main`.`cars`.`hasServiceHistory`, `main`.`cars`.`isDamaged`, `main`.`cars`.`isPaintOriginal`, `main`.`cars`.`ownerCount`, `main`.`cars`.`platesNumber`, `main`.`cars`.`aiScore`, `main`.`cars`.`aiAnalysis`, `main`.`cars`.`model3dUrl`, `main`.`cars`.`model3dStatus`, `main`.`cars`.`video360Url`, `main`.`cars`.`video360Status`, `main`.`cars`.`aiConditionReport`, `main`.`cars`.`refCode`, `main`.`cars`.`createdAt`, `main`.`cars`.`updatedAt`, `main`.`cars`.`expiresAt`, `main`.`cars`.`soldAt`, `main`.`cars`.`deletedAt`, `main`.`cars`.`deletedBy`, `main`.`cars`.`userId` FROM `main`.`cars` WHERE (`main`.`cars`.`status` = ? AND `main`.`cars`.`deletedAt` IS NULL) ORDER BY `main`.`cars`.`featured` DESC, `main`.`cars`.`createdAt` DESC LIMIT ? OFFSET ?
prisma:query SELECT `main`.`brands`.`id`, `main`.`brands`.`nameAr`, `main`.`brands`.`nameEn`, `main`.`brands`.`slug`, `main`.`brands`.`logo` FROM `main`.`brands` WHERE `main`.`brands`.`id` IN (?,?) LIMIT ? OFFSET ?
prisma:query SELECT `main`.`car_models`.`id`, `main`.`car_models`.`nameAr`, `main`.`car_models`.`nameEn`, `main`.`car_models`.`slug` FROM `main`.`car_models` WHERE `main`.`car_models`.`id` IN (?,?,?) LIMIT ? OFFSET ?
prisma:query SELECT `main`.`cities`.`id`, `main`.`cities`.`nameAr`, `main`.`cities`.`nameEn`, `main`.`cities`.`slug` FROM `main`.`cities` WHERE `main`.`cities`.`id` IN (?,?) LIMIT ? OFFSET ?
prisma:query SELECT `main`.`car_images`.`id`, `main`.`car_images`.`url`, `main`.`car_images`.`thumbnail`, `main`.`car_images`.`isCover`, `main`.`car_images`.`order`, `main`.`car_images`.`carId` FROM `main`.`car_images` WHERE `main`.`car_images`.`carId` IN (?,?,?) ORDER BY `main`.`car_images`.`order` ASC LIMIT ? OFFSET ?
prisma:query SELECT `main`.`users`.`id`, `main`.`users`.`name`, `main`.`users`.`dealerName`, `main`.`users`.`dealerLogo`, `main`.`users`.`rating`, `main`.`users`.`badges` FROM `main`.`users` WHERE `main`.`users`.`id` IN (?,?,?) LIMIT ? OFFSET ?
 GET /api/cars?sortBy=createdAt&sortOrder=desc&limit=9 200 in 10ms (next.js: 2ms, application-code: 8ms)
 GET /admin 200 in 49ms (next.js: 5ms, application-code: 45ms)
 GET / 200 in 71ms (next.js: 5ms, application-code: 66ms)
prisma:query SELECT 1
prisma:query SELECT 1
prisma:query SELECT COUNT(*) FROM (SELECT `main`.`cars`.`id` FROM `main`.`cars` WHERE (`main`.`cars`.`status` = ? AND `main`.`cars`.`deletedAt` IS NULL AND `main`.`cars`.`featured` = ?) LIMIT ? OFFSET ?) AS `sub`
prisma:query SELECT `main`.`cars`.`id`, `main`.`cars`.`slug`, `main`.`cars`.`status`, `main`.`cars`.`featured`, `main`.`cars`.`featuredUntil`, `main`.`cars`.`isNew`, `main`.`cars`.`views`, `main`.`cars`.`saves`, `main`.`cars`.`brandId`, `main`.`cars`.`modelId`, `main`.`cars`.`year`, `main`.`cars`.`trim`, `main`.`cars`.`kilometers`, `main`.`cars`.`fuelType`, `main`.`cars`.`transmission`, `main`.`cars`.`color`, `main`.`cars`.`doors`, `main`.`cars`.`engineCapacity`, `main`.`cars`.`cylinders`, `main`.`cars`.`drivetrain`, `main`.`cars`.`condition`, `main`.`cars`.`bodyType`, `main`.`cars`.`lightingType`, `main`.`cars`.`rimType`, `main`.`cars`.`vin`, `main`.`cars`.`description`, `main`.`cars`.`aiDescription`, `main`.`cars`.`price`, `main`.`cars`.`currency`, `main`.`cars`.`cityId`, `main`.`cars`.`locationLat`, `main`.`cars`.`locationLng`, `main`.`cars`.`phone`, `main`.`cars`.`whatsapp`, `main`.`cars`.`coverImage`, `main`.`cars`.`videoUrl`, `main`.`cars`.`isNegotiable`, `main`.`cars`.`hasWarranty`, `main`.`cars`.`hasServiceHistory`, `main`.`cars`.`isDamaged`, `main`.`cars`.`isPaintOriginal`, `main`.`cars`.`ownerCount`, `main`.`cars`.`platesNumber`, `main`.`cars`.`aiScore`, `main`.`cars`.`aiAnalysis`, `main`.`cars`.`model3dUrl`, `main`.`cars`.`model3dStatus`, `main`.`cars`.`video360Url`, `main`.`cars`.`video360Status`, `main`.`cars`.`aiConditionReport`, `main`.`cars`.`refCode`, `main`.`cars`.`createdAt`, `main`.`cars`.`updatedAt`, `main`.`cars`.`expiresAt`, `main`.`cars`.`soldAt`, `main`.`cars`.`deletedAt`, `main`.`cars`.`deletedBy`, `main`.`cars`.`userId` FROM `main`.`cars` WHERE (`main`.`cars`.`status` = ? AND `main`.`cars`.`deletedAt` IS NULL AND `main`.`cars`.`featured` = ?) ORDER BY `main`.`cars`.`featured` DESC, `main`.`cars`.`createdAt` DESC LIMIT ? OFFSET ?
prisma:query SELECT `main`.`brands`.`id`, `main`.`brands`.`nameAr`, `main`.`brands`.`nameEn`, `main`.`brands`.`slug`, `main`.`brands`.`logo` FROM `main`.`brands` WHERE `main`.`brands`.`id` IN (?) LIMIT ? OFFSET ?
prisma:query SELECT `main`.`car_models`.`id`, `main`.`car_models`.`nameAr`, `main`.`car_models`.`nameEn`, `main`.`car_models`.`slug` FROM `main`.`car_models` WHERE `main`.`car_models`.`id` IN (?) LIMIT ? OFFSET ?
prisma:query SELECT `main`.`cities`.`id`, `main`.`cities`.`nameAr`, `main`.`cities`.`nameEn`, `main`.`cities`.`slug` FROM `main`.`cities` WHERE `main`.`cities`.`id` IN (?) LIMIT ? OFFSET ?
prisma:query SELECT `main`.`car_images`.`id`, `main`.`car_images`.`url`, `main`.`car_images`.`thumbnail`, `main`.`car_images`.`isCover`, `main`.`car_images`.`order`, `main`.`car_images`.`carId` FROM `main`.`car_images` WHERE `main`.`car_images`.`carId` IN (?) ORDER BY `main`.`car_images`.`order` ASC LIMIT ? OFFSET ?
prisma:query SELECT `main`.`users`.`id`, `main`.`users`.`name`, `main`.`users`.`dealerName`, `main`.`users`.`dealerLogo`, `main`.`users`.`rating`, `main`.`users`.`badges` FROM `main`.`users` WHERE `main`.`users`.`id` IN (?) LIMIT ? OFFSET ?
 GET /api/cars?featured=true&limit=6 200 in 28ms (next.js: 4ms, application-code: 23ms)
prisma:query SELECT COUNT(*) FROM (SELECT `main`.`cars`.`id` FROM `main`.`cars` WHERE (`main`.`cars`.`status` = ? AND `main`.`cars`.`deletedAt` IS NULL) LIMIT ? OFFSET ?) AS `sub`
prisma:query SELECT `main`.`cars`.`id`, `main`.`cars`.`slug`, `main`.`cars`.`status`, `main`.`cars`.`featured`, `main`.`cars`.`featuredUntil`, `main`.`cars`.`isNew`, `main`.`cars`.`views`, `main`.`cars`.`saves`, `main`.`cars`.`brandId`, `main`.`cars`.`modelId`, `main`.`cars`.`year`, `main`.`cars`.`trim`, `main`.`cars`.`kilometers`, `main`.`cars`.`fuelType`, `main`.`cars`.`transmission`, `main`.`cars`.`color`, `main`.`cars`.`doors`, `main`.`cars`.`engineCapacity`, `main`.`cars`.`cylinders`, `main`.`cars`.`drivetrain`, `main`.`cars`.`condition`, `main`.`cars`.`bodyType`, `main`.`cars`.`lightingType`, `main`.`cars`.`rimType`, `main`.`cars`.`vin`, `main`.`cars`.`description`, `main`.`cars`.`aiDescription`, `main`.`cars`.`price`, `main`.`cars`.`currency`, `main`.`cars`.`cityId`, `main`.`cars`.`locationLat`, `main`.`cars`.`locationLng`, `main`.`cars`.`phone`, `main`.`cars`.`whatsapp`, `main`.`cars`.`coverImage`, `main`.`cars`.`videoUrl`, `main`.`cars`.`isNegotiable`, `main`.`cars`.`hasWarranty`, `main`.`cars`.`hasServiceHistory`, `main`.`cars`.`isDamaged`, `main`.`cars`.`isPaintOriginal`, `main`.`cars`.`ownerCount`, `main`.`cars`.`platesNumber`, `main`.`cars`.`aiScore`, `main`.`cars`.`aiAnalysis`, `main`.`cars`.`model3dUrl`, `main`.`cars`.`model3dStatus`, `main`.`cars`.`video360Url`, `main`.`cars`.`video360Status`, `main`.`cars`.`aiConditionReport`, `main`.`cars`.`refCode`, `main`.`cars`.`createdAt`, `main`.`cars`.`updatedAt`, `main`.`cars`.`expiresAt`, `main`.`cars`.`soldAt`, `main`.`cars`.`deletedAt`, `main`.`cars`.`deletedBy`, `main`.`cars`.`userId` FROM `main`.`cars` WHERE (`main`.`cars`.`status` = ? AND `main`.`cars`.`deletedAt` IS NULL) ORDER BY `main`.`cars`.`featured` DESC, `main`.`cars`.`createdAt` DESC LIMIT ? OFFSET ?
prisma:query SELECT `main`.`brands`.`id`, `main`.`brands`.`nameAr`, `main`.`brands`.`nameEn`, `main`.`brands`.`slug`, `main`.`brands`.`logo` FROM `main`.`brands` WHERE `main`.`brands`.`id` IN (?,?) LIMIT ? OFFSET ?
prisma:query SELECT `main`.`car_models`.`id`, `main`.`car_models`.`nameAr`, `main`.`car_models`.`nameEn`, `main`.`car_models`.`slug` FROM `main`.`car_models` WHERE `main`.`car_models`.`id` IN (?,?,?) LIMIT ? OFFSET ?
prisma:query SELECT `main`.`cities`.`id`, `main`.`cities`.`nameAr`, `main`.`cities`.`nameEn`, `main`.`cities`.`slug` FROM `main`.`cities` WHERE `main`.`cities`.`id` IN (?,?) LIMIT ? OFFSET ?
prisma:query SELECT `main`.`car_images`.`id`, `main`.`car_images`.`url`, `main`.`car_images`.`thumbnail`, `main`.`car_images`.`isCover`, `main`.`car_images`.`order`, `main`.`car_images`.`carId` FROM `main`.`car_images` WHERE `main`.`car_images`.`carId` IN (?,?,?) ORDER BY `main`.`car_images`.`order` ASC LIMIT ? OFFSET ?
prisma:query SELECT `main`.`users`.`id`, `main`.`users`.`name`, `main`.`users`.`dealerName`, `main`.`users`.`dealerLogo`, `main`.`users`.`rating`, `main`.`users`.`badges` FROM `main`.`users` WHERE `main`.`users`.`id` IN (?,?,?) LIMIT ? OFFSET ?
prisma:query SELECT `main`.`brands`.`id`, `main`.`brands`.`nameAr`, `main`.`brands`.`nameEn`, `main`.`brands`.`slug`, `main`.`brands`.`logo`, `main`.`brands`.`country`, `main`.`brands`.`isActive`, `main`.`brands`.`createdAt`, COALESCE(`aggr_selection_0_Car`.`_aggr_count_cars`, 0) AS `_aggr_count_cars` FROM `main`.`brands` LEFT JOIN (SELECT `main`.`cars`.`brandId`, COUNT(*) AS `_aggr_count_cars` FROM `main`.`cars` WHERE 1=1 GROUP BY `main`.`cars`.`brandId`) AS `aggr_selection_0_Car` ON (`main`.`brands`.`id` = `aggr_selection_0_Car`.`brandId`) WHERE `main`.`brands`.`isActive` = ? ORDER BY `main`.`brands`.`nameAr` ASC LIMIT ? OFFSET ?
 GET /api/cars?sortBy=createdAt&sortOrder=desc&limit=9 200 in 36ms (next.js: 12ms, application-code: 24ms)
 GET /api/cars/brands 200 in 28ms (next.js: 11ms, application-code: 17ms)
prisma:query SELECT `main`.`cities`.`id`, `main`.`cities`.`nameAr`, `main`.`cities`.`nameEn`, `main`.`cities`.`slug`, `main`.`cities`.`isActive`, `main`.`cities`.`createdAt`, COALESCE(`aggr_selection_0_Car`.`_aggr_count_cars`, 0) AS `_aggr_count_cars` FROM `main`.`cities` LEFT JOIN (SELECT `main`.`cars`.`cityId`, COUNT(*) AS `_aggr_count_cars` FROM `main`.`cars` WHERE 1=1 GROUP BY `main`.`cars`.`cityId`) AS `aggr_selection_0_Car` ON (`main`.`cities`.`id` = `aggr_selection_0_Car`.`cityId`) WHERE `main`.`cities`.`isActive` = ? ORDER BY `main`.`cities`.`nameAr` ASC LIMIT ? OFFSET ?
 GET /api/cars/cities 200 in 21ms (next.js: 12ms, application-code: 9ms)
prisma:query SELECT `main`.`badges`.`id`, `main`.`badges`.`nameAr`, `main`.`badges`.`nameEn`, `main`.`badges`.`icon`, `main`.`badges`.`color`, `main`.`badges`.`isActive`, `main`.`badges`.`createdAt`, `main`.`badges`.`updatedAt` FROM `main`.`badges` WHERE `main`.`badges`.`isActive` = ? ORDER BY `main`.`badges`.`createdAt` DESC LIMIT ? OFFSET ?
 GET /api/badges 200 in 14ms (next.js: 4ms, application-code: 9ms)
 GET /admin 200 in 44ms (next.js: 4ms, application-code: 40ms)
 GET /admin 200 in 47ms (next.js: 4ms, application-code: 43ms)
 GET /admin 200 in 44ms (next.js: 4ms, application-code: 40ms)
 GET /admin 200 in 46ms (next.js: 4ms, application-code: 42ms)
 GET /auth/login 200 in 367ms (next.js: 315ms, application-code: 52ms)
 GET /auth/login 200 in 52ms (next.js: 4ms, application-code: 48ms)
 GET /auth/login 200 in 44ms (next.js: 4ms, application-code: 40ms)
 GET /auth/login 200 in 47ms (next.js: 4ms, application-code: 43ms)
 GET / 200 in 63ms (next.js: 4ms, application-code: 59ms)
 GET /auth/login 200 in 50ms (next.js: 5ms, application-code: 45ms)
